<?xml version="1.0" encoding="utf-8"?>
<testsuite name="tests.flat" tests="8" errors="0" failures="0" skipped="0" time="12.1">
  <testcase classname="tests.flat.test_basic" name="test_always_passes_1" time="0.1"/>
  <testcase classname="tests.flat.test_basic" name="test_always_passes_2" time="0.1"/>
  <testcase classname="tests.flat.test_basic" name="test_always_passes_3" time="0.1"/>
  <testcase classname="tests.flat.test_basic" name="test_always_passes_4" time="0.1"/>
  <testcase classname="tests.flat.test_basic" name="test_always_passes_5" time="0.1"/>
  <testcase classname="tests.flat.test_basic" name="test_always_passes_6" time="0.1"/>
  <testcase classname="tests.flat.test_basic" name="test_always_passes_7" time="0.1"/>
  <testcase classname="tests.flat.test_basic" name="test_always_passes_8" time="0.1"/>
</testsuite>
